1                                                          The SAS System                            08:02 Monday, November 28, 2016

NOTE: Copyright (c) 2002-2012 by SAS Institute Inc., Cary, NC, USA. 
NOTE: SAS (r) Proprietary Software 9.4 (TS1M3) 
      Licensed to SLOAN SCHOOL OF MANAGEMENT - REF ACCT - T&R, Site 70001149.
NOTE: This session is executing on the Linux 2.6.32-504.30.3.el6.x86_64 (LIN X64) platform.



NOTE: Updated analytical products:
      
      SAS/STAT 14.1
      SAS/ETS 14.1
      SAS/OR 14.1
      SAS/IML 14.1
      SAS/QC 14.1

NOTE: Additional host information:

 Linux LIN X64 2.6.32-504.30.3.el6.x86_64 #1 SMP Wed Jul 15 10:13:09 UTC 2015 x86_64 CentOS release 6.8 (Final) 

You are running SAS 9. Some SAS 8 files will be automatically converted 
by the V9 engine; others are incompatible.  Please see 
http://support.sas.com/rnd/migration/planning/platform/64bit.html

PROC MIGRATE will preserve current SAS file attributes and is 
recommended for converting all your SAS libraries from any 
SAS 8 release to SAS 9.  For details and examples, please see
http://support.sas.com/rnd/migration/index.html


This message is contained in the SAS news file, and is presented upon
initialization.  Edit the file "news" in the "misc/base" directory to
display site-specific news and information in the program log.
The command line option "-nonews" will prevent this display.




NOTE: SAS initialization used:
      real time           0.56 seconds
      cpu time            0.03 seconds
      
1          PROC IMPORT OUT=furnace0
2                      DATAFILE="furnace.csv"
3                      DBMS=CSV REPLACE;
4               GETNAMES=YES;
5               DATAROW=2;
6          RUN;

7           /**********************************************************************
8           *   PRODUCT:   SAS
9           *   VERSION:   9.4
10          *   CREATOR:   External File Interface
11          *   DATE:      28NOV16
12          *   DESC:      Generated SAS Datastep Code
13          *   TEMPLATE SOURCE:  (None Specified.)
14          ***********************************************************************/
15             data WORK.FURNACE0    ;
16             %let _EFIERR_ = 0; /* set the ERROR detection macro variable */
2                                                          The SAS System                            08:02 Monday, November 28, 2016

17             infile 'furnace.csv' delimiter = ',' MISSOVER DSD lrecl=32767 firstobs=2 ;
18                informat Type best32. ;
19                informat CHArea best32. ;
20                informat CHShape best32. ;
21                informat CHHght best32. ;
22                informat CHLiner best32. ;
23                informat House best32. ;
24                informat Age best32. ;
25                informat BTUIn best32. ;
26                informat BTUOut best32. ;
27                informat Damper best32. ;
28                format Type best12. ;
29                format CHArea best12. ;
30                format CHShape best12. ;
31                format CHHght best12. ;
32                format CHLiner best12. ;
33                format House best12. ;
34                format Age best12. ;
35                format BTUIn best12. ;
36                format BTUOut best12. ;
37                format Damper best12. ;
38             input
39                         Type
40                         CHArea
41                         CHShape
42                         CHHght
43                         CHLiner
44                         House
45                         Age
46                         BTUIn
47                         BTUOut
48                         Damper
49             ;
50             if _ERROR_ then call symputx('_EFIERR_',1);  /* set ERROR detection macro variable */
51             run;

NOTE: The infile 'furnace.csv' is:
      Filename=/home/sfinch/furnace.csv,
      Owner Name=sfinch,Group Name=sfinch,
      Access Permission=-rw-rw-r--,
      Last Modified=24Aug2016:14:28:57,
      File Size (bytes)=2837

NOTE: 90 records were read from the infile 'furnace.csv'.
      The minimum record length was 25.
      The maximum record length was 31.
NOTE: The data set WORK.FURNACE0 has 90 observations and 10 variables.
NOTE: DATA statement used (Total process time):
      real time           0.24 seconds
      cpu time            0.01 seconds
      

90 rows created in WORK.FURNACE0 from furnace.csv.
  
  
  
NOTE: WORK.FURNACE0 data set was successfully created.
NOTE: The data set WORK.FURNACE0 has 90 observations and 10 variables.
3                                                          The SAS System                            08:02 Monday, November 28, 2016

NOTE: PROCEDURE IMPORT used (Total process time):
      real time           2.49 seconds
      cpu time            0.08 seconds
      

52         
53         DATA furnace;
54            SET furnace0;
55            KEEP CHArea CHHght Age BTUIn BTUOut Damper;
56         RUN;

NOTE: There were 90 observations read from the data set WORK.FURNACE0.
NOTE: The data set WORK.FURNACE has 90 observations and 6 variables.
NOTE: DATA statement used (Total process time):
      real time           0.00 seconds
      cpu time            0.02 seconds
      

57         
58         OPTIONS OBS=25;             /*only first 25 observations printed until changed*/
59         PROC PRINT DATA=furnace;
60            VAR CHArea CHHght Age BTUIn BTUOut Damper;
61         RUN;

NOTE: There were 25 observations read from the data set WORK.FURNACE.
NOTE: The PROCEDURE PRINT printed page 1.
NOTE: PROCEDURE PRINT used (Total process time):
      real time           0.44 seconds
      cpu time            0.02 seconds
      

62         OPTIONS OBS=MAX;             /*change so statistics over full dataset are computed*/
63         
64         PROC CONTENTS DATA=furnace VARNUM;
65         RUN;

NOTE: PROCEDURE CONTENTS used (Total process time):
      real time           0.58 seconds
      cpu time            0.01 seconds
      
NOTE: The PROCEDURE CONTENTS printed page 2.

66         
67         DATA furnace;
68            SET furnace (RENAME=(Damper=tmp));
69            Damper = PUT(tmp, 1.);
70            DROP tmp;
71         RUN;

NOTE: There were 90 observations read from the data set WORK.FURNACE.
NOTE: The data set WORK.FURNACE has 90 observations and 6 variables.
NOTE: DATA statement used (Total process time):
      real time           0.00 seconds
      cpu time            0.00 seconds
      

72         
73         %INCLUDE 'SAS_macros.sas';
4                                                          The SAS System                            08:02 Monday, November 28, 2016

119        %LSTC(furnace);   /*apply macro to dataset*/
120        %PUT;
 
121        %PUT &y;   /*written to log window: verifies that Damper is type char*/
Damper
122        %PUT;
 
123        
124        PROC MEANS MIN Q1 MEDIAN MEAN Q3 MAX STD NMISS DATA=furnace MAXDEC=2;
125           VAR CHArea CHHght Age BTUIn BTUOut;
126        RUN;

NOTE: There were 90 observations read from the data set WORK.FURNACE.
NOTE: The PROCEDURE MEANS printed page 3.
NOTE: PROCEDURE MEANS used (Total process time):
      real time           0.12 seconds
      cpu time            0.01 seconds
      

127        
128        PROC FREQ DATA=furnace;
129           TABLES Damper;
130        RUN;

NOTE: There were 90 observations read from the data set WORK.FURNACE.
NOTE: The PROCEDURE FREQ printed page 4.
NOTE: PROCEDURE FREQ used (Total process time):
      real time           0.07 seconds
      cpu time            0.01 seconds
      

131        
132        FILENAME file1 'scatterplot-BTU.pdf';
133        GOPTIONS RESET=global DEVICE=pdf GSFMODE=replace GSFNAME=file1;
134        GOPTIONS HSIZE=7in VSIZE=7in;
135        AXIS1 ORDER=(2 to 22 by 2) MINOR=NONE;
136        AXIS2 ORDER=(2 to 20 by 2) MINOR=NONE;
137        SYMBOL1 V=circle C=blue  I=none;
138        SYMBOL2 V=star   C=red   I=none;
139        PROC GPLOT DATA=furnace;
140             PLOT BTUOut*BTUIn=Damper / VAXIS=AXIS1 HAXIS=AXIS2;
141        	 TITLE 'BTUIn vs BTUOut for Stratified Furnace Data';
142        RUN;

143        
144        ODS GRAPHICS / RESET IMAGENAME = 'histogram-BTU'  IMAGEFMT=pdf;
145        ODS LISTING GPATH = '.';

NOTE: 61886 bytes written to /home/sfinch/scatterplot-BTU.pdf.
NOTE: There were 90 observations read from the data set WORK.FURNACE.
NOTE: PROCEDURE GPLOT used (Total process time):
      real time           1.05 seconds
      cpu time            0.10 seconds
      

146        PROC SGPLOT DATA=furnace;
147           HISTOGRAM BTUIn / BINWIDTH=2 BINSTART=3;
148           DENSITY BTUIn / LINEATTRS = (COLOR = "light green" THICKNESS = 2 PATTERN=solid);
5                                                          The SAS System                            08:02 Monday, November 28, 2016

149           TITLE 'BTUIn Histogram & Normal Fit';
150        RUN;

NOTE: PROCEDURE SGPLOT used (Total process time):
      real time           4.74 seconds
      cpu time            0.07 seconds
      
NOTE: Listing image output written to /home/sfinch/histogram-BTU.pdf.
NOTE: There were 90 observations read from the data set WORK.FURNACE.

151        ODS GRAPHICS OFF;
152        
153        ODS SELECT BasicIntervals;
154        PROC UNIVARIATE DATA=furnace CIBASIC(alpha=0.1);
155           VAR BTUIn;
156           TITLE 'Confidence Intervals';
157        RUN;

NOTE: The PROCEDURE UNIVARIATE printed page 5.
NOTE: PROCEDURE UNIVARIATE used (Total process time):
      real time           0.08 seconds
      cpu time            0.01 seconds
      

158        
159        ODS GRAPHICS / RESET IMAGENAME = 'regression-BTU'  IMAGEFMT=pdf;
160        ODS LISTING GPATH = '.';
161        PROC REG PLOTS(ONLY)=diagnostics(stats=default) DATA=furnace ;
162           MODEL BTUOut = BTUIn;
163           TITLE 'BTUIn vs BTUOut and Least Squares Regression Line';
164        RUN;

165        ODS GRAPHICS OFF;
NOTE: The PROCEDURE REG printed page 6.
NOTE: PROCEDURE REG used (Total process time):
      real time           2.87 seconds
      cpu time            0.16 seconds
      

NOTE: SAS Institute Inc., SAS Campus Drive, Cary, NC USA 27513-2414
NOTE: The SAS System used:
      real time           13.65 seconds
      cpu time            0.55 seconds
      
